{
  "0 debug pnpm:scope": {
    "selected": 1,
    "workspacePrefix": "/Users/kritsada/Learn/pnpm/pnpm-demo-krits"
  },
  "1 debug pnpm:package-manifest": {
    "initial": {
      "name": "module-b",
      "version": "1.0.0",
      "description": "",
      "main": "index.js",
      "scripts": {
        "test": "echo \"Error: no test specified\" && exit 1"
      },
      "keywords": [],
      "author": "",
      "license": "ISC"
    },
    "prefix": "/Users/kritsada/Learn/pnpm/pnpm-demo-krits/libs/module-b"
  },
  "2 debug pnpm:context": {
    "currentLockfileExists": false,
    "storeDir": "/Users/kritsada/Library/pnpm/store/v3",
    "virtualStoreDir": "/Users/kritsada/Learn/pnpm/pnpm-demo-krits/node_modules/.pnpm"
  },
  "3 debug pnpm:stage": {
    "prefix": "/Users/kritsada/Learn/pnpm/pnpm-demo-krits",
    "stage": "resolution_started"
  },
  "4 error pnpm": {
    "code": "ERR_PNPM_FETCH_404",
    "hint": "@kritsada/module-a is not in the npm registry, or you have no permission to fetch it.\n\nNo authorization header was set for the request.",
    "request": {
      "url": "https://registry.npmjs.org/@kritsada%2Fmodule-a"
    },
    "response": {
      "size": 0
    },
    "pkgName": "@kritsada/module-a",
    "spec": {
      "fetchSpec": "latest",
      "name": "@kritsada/module-a",
      "type": "tag"
    },
    "pkgsStack": [],
    "err": {
      "name": "pnpm",
      "message": "GET https://registry.npmjs.org/@kritsada%2Fmodule-a: Not Found - 404",
      "code": "ERR_PNPM_FETCH_404",
      "stack": "pnpm: GET https://registry.npmjs.org/@kritsada%2Fmodule-a: Not Found - 404\n    at RetryOperation._fn (/snapshot/dist/pnpm.cjs)\n    at processTicksAndRejections (internal/process/task_queues.js:95:5)"
    }
  }
}